<?xml version="1.0" encoding="UTF-8"?>
<!-- Generated by org.testng.reporters.JUnitXMLReporter -->
<testsuite ignored="0" hostname="LAPTOP-BU5UP52J" failures="0" tests="3" name="Default test" time="0.044" errors="0" timestamp="2022-10-27T12:31:24 IST">
  <testcase classname="Selenium_all_Programs.Selenium_all_Programs.NewTest" name="setData" time="0.006"/>
  <testcase classname="Selenium_all_Programs.Selenium_all_Programs.NewTest" name="setData" time="0.002"/>
  <testcase classname="Selenium_all_Programs.Selenium_all_Programs.NewTest" name="setData" time="0.001"/>
</testsuite> <!-- Default test -->
