<?xml version="1.0" encoding="UTF-8"?>
<testng-results ignored="0" total="3" passed="3" failed="0" skipped="0">
  <reporter-output>
  </reporter-output>
  <suite started-at="2022-10-27T12:31:24 IST" name="Default suite" finished-at="2022-10-27T12:31:24 IST" duration-ms="44">
    <groups>
    </groups>
    <test started-at="2022-10-27T12:31:24 IST" name="Default test" finished-at="2022-10-27T12:31:24 IST" duration-ms="44">
      <class name="Selenium_all_Programs.Selenium_all_Programs.NewTest">
        <test-method signature="setData(java.lang.String, java.lang.String)[pri:0, instance:Selenium_all_Programs.Selenium_all_Programs.NewTest@71b1176b]" started-at="2022-10-27T12:31:24 IST" name="setData" data-provider="getData" finished-at="2022-10-27T12:31:24 IST" duration-ms="6" status="PASS">
          <params>
            <param index="0">
              <value>
                <![CDATA[user1]]>
              </value>
            </param>
            <param index="1">
              <value>
                <![CDATA[vdvccz]]>
              </value>
            </param>
          </params>
          <reporter-output>
          </reporter-output>
        </test-method> <!-- setData -->
        <test-method signature="setData(java.lang.String, java.lang.String)[pri:0, instance:Selenium_all_Programs.Selenium_all_Programs.NewTest@71b1176b]" started-at="2022-10-27T12:31:24 IST" name="setData" data-provider="getData" finished-at="2022-10-27T12:31:24 IST" duration-ms="2" status="PASS">
          <params>
            <param index="0">
              <value>
                <![CDATA[user2]]>
              </value>
            </param>
            <param index="1">
              <value>
                <![CDATA[yaga7]]>
              </value>
            </param>
          </params>
          <reporter-output>
          </reporter-output>
        </test-method> <!-- setData -->
        <test-method signature="setData(java.lang.String, java.lang.String)[pri:0, instance:Selenium_all_Programs.Selenium_all_Programs.NewTest@71b1176b]" started-at="2022-10-27T12:31:24 IST" name="setData" data-provider="getData" finished-at="2022-10-27T12:31:24 IST" duration-ms="1" status="PASS">
          <params>
            <param index="0">
              <value>
                <![CDATA[user3]]>
              </value>
            </param>
            <param index="1">
              <value>
                <![CDATA[akjbfbc]]>
              </value>
            </param>
          </params>
          <reporter-output>
          </reporter-output>
        </test-method> <!-- setData -->
      </class> <!-- Selenium_all_Programs.Selenium_all_Programs.NewTest -->
    </test> <!-- Default test -->
  </suite> <!-- Default suite -->
</testng-results>
